<?xml version="1.0" encoding="UTF-8"?>
<!-- Generated by org.testng.reporters.JUnitXMLReporter -->
<testsuite hostname="DESKTOP-43UB97B" failures="0" tests="3" name="Default test" time="102.361" errors="0" timestamp="24 Jul 2020 06:23:13 GMT">
  <testcase classname="weather.test.VAMergeSmoke" name="Test01_Launch_Application" time="82.683"/>
  <testcase classname="weather.test.VAMergeSmoke" name="Test02_Validate_Weather_Info" time="16.108"/>
  <testcase classname="weather.test.VAMergeSmoke" name="Test03_Validate_Weather_Info_Difference" time="0.003"/>
</testsuite> <!-- Default test -->
