<?xml version="1.0" encoding="UTF-8"?>
<testng-results total="3" passed="3" failed="0" skipped="0">
  <reporter-output>
    <line>
      <![CDATA[[INFO]: Page loaded completely]]>
    </line>
    <line>
      <![CDATA[[INFO]: HomePage is Opened]]>
    </line>
    <line>
      <![CDATA[[INFO]: Page loaded completely]]>
    </line>
    <line>
      <![CDATA[[ASSERT FAIL]: Value is Not Equal]]>
    </line>
    <line>
      <![CDATA[[ASSERT FAIL]: Value is Not Equal]]>
    </line>
    <line>
      <![CDATA[[ASSERT FAIL]: Value is Not Equal]]>
    </line>
    <line>
      <![CDATA[[ASSERT FAIL]: Value is Not Equal]]>
    </line>
    <line>
      <![CDATA[[ASSERT PASS]: Value is Equal]]>
    </line>
  </reporter-output>
  <suite started-at="2020-07-24T06:21:31Z" name="Default suite" finished-at="2020-07-24T06:23:13Z" duration-ms="102361">
    <groups>
    </groups>
    <test started-at="2020-07-24T06:21:31Z" name="Default test" finished-at="2020-07-24T06:23:13Z" duration-ms="102361">
      <class name="weather.test.VAMergeSmoke">
        <test-method is-config="true" signature="start_test_Session()[pri:0, instance:weather.test.VAMergeSmoke@5e2c3d18]" started-at="2020-07-24T11:51:31Z" name="start_test_Session" finished-at="2020-07-24T11:51:34Z" duration-ms="3549" status="PASS">
          <reporter-output>
          </reporter-output>
        </test-method> <!-- start_test_Session -->
        <test-method signature="Test01_Launch_Application()[pri:0, instance:weather.test.VAMergeSmoke@5e2c3d18]" started-at="2020-07-24T11:51:34Z" name="Test01_Launch_Application" finished-at="2020-07-24T11:52:57Z" duration-ms="82683" status="PASS">
          <reporter-output>
            <line>
              <![CDATA[[INFO]: Page loaded completely]]>
            </line>
            <line>
              <![CDATA[[INFO]: HomePage is Opened]]>
            </line>
          </reporter-output>
        </test-method> <!-- Test01_Launch_Application -->
        <test-method signature="Test02_Validate_Weather_Info()[pri:0, instance:weather.test.VAMergeSmoke@5e2c3d18]" started-at="2020-07-24T11:52:57Z" name="Test02_Validate_Weather_Info" finished-at="2020-07-24T11:53:13Z" duration-ms="16108" status="PASS">
          <reporter-output>
            <line>
              <![CDATA[[INFO]: Page loaded completely]]>
            </line>
          </reporter-output>
        </test-method> <!-- Test02_Validate_Weather_Info -->
        <test-method signature="Test03_Validate_Weather_Info_Difference()[pri:0, instance:weather.test.VAMergeSmoke@5e2c3d18]" started-at="2020-07-24T11:53:13Z" name="Test03_Validate_Weather_Info_Difference" finished-at="2020-07-24T11:53:13Z" duration-ms="3" status="PASS">
          <reporter-output>
            <line>
              <![CDATA[[ASSERT FAIL]: Value is Not Equal]]>
            </line>
            <line>
              <![CDATA[[ASSERT FAIL]: Value is Not Equal]]>
            </line>
            <line>
              <![CDATA[[ASSERT FAIL]: Value is Not Equal]]>
            </line>
            <line>
              <![CDATA[[ASSERT FAIL]: Value is Not Equal]]>
            </line>
            <line>
              <![CDATA[[ASSERT PASS]: Value is Equal]]>
            </line>
          </reporter-output>
        </test-method> <!-- Test03_Validate_Weather_Info_Difference -->
        <test-method is-config="true" signature="stop_test_session()[pri:0, instance:weather.test.VAMergeSmoke@5e2c3d18]" started-at="2020-07-24T11:53:13Z" name="stop_test_session" finished-at="2020-07-24T11:53:13Z" duration-ms="1" status="PASS">
          <reporter-output>
          </reporter-output>
        </test-method> <!-- stop_test_session -->
      </class> <!-- weather.test.VAMergeSmoke -->
    </test> <!-- Default test -->
  </suite> <!-- Default suite -->
</testng-results>
